2026-01-30 22:17:16,563 INFO    MainThread:385944 [wandb_setup.py:_flush():81] Current SDK version is 0.24.1
2026-01-30 22:17:16,564 INFO    MainThread:385944 [wandb_setup.py:_flush():81] Configure stats pid to 385944
2026-01-30 22:17:16,564 INFO    MainThread:385944 [wandb_setup.py:_flush():81] Loading settings from environment variables
2026-01-30 22:17:16,564 INFO    MainThread:385944 [wandb_init.py:setup_run_log_directory():717] Logging user logs to /inspire/hdd/project/wuliqifa/public/dyh/d4rt/opend4rt/wandb/run-20260130_221716-a605xlc2/logs/debug.log
2026-01-30 22:17:16,564 INFO    MainThread:385944 [wandb_init.py:setup_run_log_directory():718] Logging internal logs to /inspire/hdd/project/wuliqifa/public/dyh/d4rt/opend4rt/wandb/run-20260130_221716-a605xlc2/logs/debug-internal.log
2026-01-30 22:17:16,564 INFO    MainThread:385944 [wandb_init.py:init():844] calling init triggers
2026-01-30 22:17:16,564 INFO    MainThread:385944 [wandb_init.py:init():849] wandb.init called with sweep_config: {}
config: {'train': {'model': {'name': 'vit_b', 'variant': 'vit-b', 'img_size': 256, 'patch_size': 16, 'mlp_ratio': 4.0, 'all_frames': 48, 'encoder_in_chans': 3, 'encoder_embed_dim': 768, 'encoder_depth': 12, 'encoder_num_heads': 12, 'decoder_embed_dim': 768, 'decoder_depth': 8, 'decoder_num_heads': 8, 'encoder_pretrained': False, 'encoder_pretrained_path': '/inspire/hdd/project/wuliqifa/public/dyh/d4rt/checkpoint', 'encoder_pretrained_variant': 'vit-b', 'encoder_pretrained_strict': False, 'encoder_pretrained_verbose': True}, 'data_root': '/inspire/qb-ilm/project/wuliqifa/public/dyh_data/pointodyssey', 'split': 'train', 'device': 'cuda', 'steps': 100000, 'lr': 0.0001, 'img_patch_size': 9, 'batch_size': 2, 'num_workers': 4, 'max_grad_norm': 10.0, 'checkpoint_dir': '/inspire/hdd/project/wuliqifa/public/dyh/d4rt/checkpoint', 'save_every_steps': 1000, 'save_every_epochs': 1, 'dataset': {'num_frames': 48, 'num_queries': 2048, 'no_aug': False, 'no_random_stride': False, 'val_fraction': 0.05, 'val_seed': 42, 'val_every_steps': 2000, 'val_max_batches': 50}, 'wandb': {'use': True, 'project': 'opend4rt', 'entity': None, 'name': None, 'group': None, 'tags': '', 'mode': 'online', 'log_every': 10}, 'tensorboard': {'use': True, 'logdir': '/inspire/hdd/project/wuliqifa/public/dyh/d4rt/opend4rt/runs/pointodyssey'}}, 'dataset': {'root': PosixPath('/inspire/qb-ilm/project/wuliqifa/public/dyh_data/pointodyssey'), 'split': 'train', 'num_frames': 48, 'num_queries': 2048, 'target_resolution': (256, 256), 'normalize': True, 'img_patch_size': 9, 'align_corners': True, 'temporal_random_stride': True, 'temporal_stride_min': 1, 'temporal_stride_max': None, 'use_data_augmentation': True, 'color_jitter': (0.4, 0.4, 0.4, 0.1), 'color_drop_prob': 0.2, 'gaussian_blur_prob': 0.4, 'gaussian_blur_sigma': (0.1, 2.0), 'random_crop_scale': (0.3, 1.0), 'random_crop_ratio': (0.75, 1.3333333333333333), 'random_zoom_prob': 0.05, 'random_zoom_scale': (0.5, 0.9), 'min_visible_frames': 8, 'query_edge_ratio': 0.3, 'tcam_equals_ttgt_ratio': 0.4, 'use_depth': True, 'use_normals': True, 'exclude_scenes': [], 'include_scenes': None, 'depth_scale': 1000.0}, '_wandb': {}}
2026-01-30 22:17:16,564 INFO    MainThread:385944 [wandb_init.py:init():892] starting backend
2026-01-30 22:17:17,761 INFO    MainThread:385944 [wandb_init.py:init():895] sending inform_init request
2026-01-30 22:17:17,910 INFO    MainThread:385944 [wandb_init.py:init():903] backend started and connected
2026-01-30 22:17:17,912 INFO    MainThread:385944 [wandb_init.py:init():973] updated telemetry
2026-01-30 22:17:17,918 INFO    MainThread:385944 [wandb_init.py:init():997] communicating run to backend with 90.0 second timeout
2026-01-30 22:17:47,909 INFO    Thread-1 (wrapped_target):385944 [retry.py:__call__():164] [no run ID] Retry attempt failed:
Traceback (most recent call last):
  File "/inspire/hdd/project/wuliqifa/public/miniconda3/envs/d4rt/lib/python3.10/site-packages/urllib3/connection.py", line 204, in _new_conn
    sock = connection.create_connection(
  File "/inspire/hdd/project/wuliqifa/public/miniconda3/envs/d4rt/lib/python3.10/site-packages/urllib3/util/connection.py", line 85, in create_connection
    raise err
  File "/inspire/hdd/project/wuliqifa/public/miniconda3/envs/d4rt/lib/python3.10/site-packages/urllib3/util/connection.py", line 73, in create_connection
    sock.connect(sa)
TimeoutError: timed out

The above exception was the direct cause of the following exception:

Traceback (most recent call last):
  File "/inspire/hdd/project/wuliqifa/public/miniconda3/envs/d4rt/lib/python3.10/site-packages/urllib3/connectionpool.py", line 787, in urlopen
    response = self._make_request(
  File "/inspire/hdd/project/wuliqifa/public/miniconda3/envs/d4rt/lib/python3.10/site-packages/urllib3/connectionpool.py", line 488, in _make_request
    raise new_e
  File "/inspire/hdd/project/wuliqifa/public/miniconda3/envs/d4rt/lib/python3.10/site-packages/urllib3/connectionpool.py", line 464, in _make_request
    self._validate_conn(conn)
  File "/inspire/hdd/project/wuliqifa/public/miniconda3/envs/d4rt/lib/python3.10/site-packages/urllib3/connectionpool.py", line 1093, in _validate_conn
    conn.connect()
  File "/inspire/hdd/project/wuliqifa/public/miniconda3/envs/d4rt/lib/python3.10/site-packages/urllib3/connection.py", line 759, in connect
    self.sock = sock = self._new_conn()
  File "/inspire/hdd/project/wuliqifa/public/miniconda3/envs/d4rt/lib/python3.10/site-packages/urllib3/connection.py", line 213, in _new_conn
    raise ConnectTimeoutError(
urllib3.exceptions.ConnectTimeoutError: (<HTTPSConnection(host='api.wandb.ai', port=443) at 0x7fad07865750>, 'Connection to api.wandb.ai timed out. (connect timeout=20)')

The above exception was the direct cause of the following exception:

Traceback (most recent call last):
  File "/inspire/hdd/project/wuliqifa/public/miniconda3/envs/d4rt/lib/python3.10/site-packages/requests/adapters.py", line 644, in send
    resp = conn.urlopen(
  File "/inspire/hdd/project/wuliqifa/public/miniconda3/envs/d4rt/lib/python3.10/site-packages/urllib3/connectionpool.py", line 841, in urlopen
    retries = retries.increment(
  File "/inspire/hdd/project/wuliqifa/public/miniconda3/envs/d4rt/lib/python3.10/site-packages/urllib3/util/retry.py", line 535, in increment
    raise MaxRetryError(_pool, url, reason) from reason  # type: ignore[arg-type]
urllib3.exceptions.MaxRetryError: HTTPSConnectionPool(host='api.wandb.ai', port=443): Max retries exceeded with url: /graphql (Caused by ConnectTimeoutError(<HTTPSConnection(host='api.wandb.ai', port=443) at 0x7fad07865750>, 'Connection to api.wandb.ai timed out. (connect timeout=20)'))

During handling of the above exception, another exception occurred:

Traceback (most recent call last):
  File "/inspire/hdd/project/wuliqifa/public/miniconda3/envs/d4rt/lib/python3.10/site-packages/wandb/sdk/lib/retry.py", line 157, in __call__
    result = self._call_fn(*args, **kwargs)
  File "/inspire/hdd/project/wuliqifa/public/miniconda3/envs/d4rt/lib/python3.10/site-packages/wandb/sdk/internal/internal_api.py", line 397, in execute
    return self.client.execute(*args, **kwargs)  # type: ignore
  File "/inspire/hdd/project/wuliqifa/public/miniconda3/envs/d4rt/lib/python3.10/site-packages/wandb/vendor/gql-0.2.0/wandb_gql/client.py", line 52, in execute
    result = self._get_result(document, *args, **kwargs)
  File "/inspire/hdd/project/wuliqifa/public/miniconda3/envs/d4rt/lib/python3.10/site-packages/wandb/vendor/gql-0.2.0/wandb_gql/client.py", line 60, in _get_result
    return self.transport.execute(document, *args, **kwargs)
  File "/inspire/hdd/project/wuliqifa/public/miniconda3/envs/d4rt/lib/python3.10/site-packages/wandb/sdk/lib/gql_request.py", line 70, in execute
    request = self.session.post(self.url, **post_args)
  File "/inspire/hdd/project/wuliqifa/public/miniconda3/envs/d4rt/lib/python3.10/site-packages/requests/sessions.py", line 637, in post
    return self.request("POST", url, data=data, json=json, **kwargs)
  File "/inspire/hdd/project/wuliqifa/public/miniconda3/envs/d4rt/lib/python3.10/site-packages/requests/sessions.py", line 589, in request
    resp = self.send(prep, **send_kwargs)
  File "/inspire/hdd/project/wuliqifa/public/miniconda3/envs/d4rt/lib/python3.10/site-packages/requests/sessions.py", line 703, in send
    r = adapter.send(request, **kwargs)
  File "/inspire/hdd/project/wuliqifa/public/miniconda3/envs/d4rt/lib/python3.10/site-packages/requests/adapters.py", line 665, in send
    raise ConnectTimeout(e, request=request)
requests.exceptions.ConnectTimeout: HTTPSConnectionPool(host='api.wandb.ai', port=443): Max retries exceeded with url: /graphql (Caused by ConnectTimeoutError(<HTTPSConnection(host='api.wandb.ai', port=443) at 0x7fad07865750>, 'Connection to api.wandb.ai timed out. (connect timeout=20)'))
2026-01-30 22:18:03,044 WARNING MainThread:385944 [wandb_init.py:init():1587] [no run ID] interrupted
Traceback (most recent call last):
  File "/inspire/hdd/project/wuliqifa/public/miniconda3/envs/d4rt/lib/python3.10/site-packages/wandb/sdk/wandb_init.py", line 1578, in init
    run = wi.init(run_settings, run_config, run_printer)
  File "/inspire/hdd/project/wuliqifa/public/miniconda3/envs/d4rt/lib/python3.10/site-packages/wandb/sdk/wandb_init.py", line 1008, in init
    result = wait_with_progress(
  File "/inspire/hdd/project/wuliqifa/public/miniconda3/envs/d4rt/lib/python3.10/site-packages/wandb/sdk/mailbox/wait_with_progress.py", line 23, in wait_with_progress
    return wait_all_with_progress(
  File "/inspire/hdd/project/wuliqifa/public/miniconda3/envs/d4rt/lib/python3.10/site-packages/wandb/sdk/mailbox/wait_with_progress.py", line 77, in wait_all_with_progress
    return asyncer.run(progress_loop_with_timeout)
  File "/inspire/hdd/project/wuliqifa/public/miniconda3/envs/d4rt/lib/python3.10/site-packages/wandb/sdk/lib/asyncio_manager.py", line 136, in run
    return future.result()
  File "/inspire/hdd/project/wuliqifa/public/miniconda3/envs/d4rt/lib/python3.10/concurrent/futures/_base.py", line 453, in result
    self._condition.wait(timeout)
  File "/inspire/hdd/project/wuliqifa/public/miniconda3/envs/d4rt/lib/python3.10/threading.py", line 320, in wait
    waiter.acquire()
KeyboardInterrupt
2026-01-30 22:18:03,200 INFO    wandb-AsyncioManager-main:385944 [service_client.py:_forward_responses():94] Reached EOF.
2026-01-30 22:18:03,200 INFO    wandb-AsyncioManager-main:385944 [mailbox.py:close():154] Closing mailbox, abandoning 2 handles.
